###############################################################################
#
# IAR ANSI C/C++ Compiler V8.22.1.15669/W32 for ARM       22/Sep/2022  21:19:01
# Copyright 1999-2018 IAR Systems AB.
#
#    Cpu mode     =  thumb
#    Endian       =  little
#    Source file  =  C:\Users\pnu10\Desktop\project\user\main.c
#    Command line =  
#        -f C:\Users\pnu10\AppData\Local\Temp\EWA00F.tmp
#        (C:\Users\pnu10\Desktop\project\user\main.c -D USE_STDPERIPH_DRIVER -D
#        STM32F10X_CL -lC C:\Users\pnu10\Desktop\project\Debug\List -o
#        C:\Users\pnu10\Desktop\project\Debug\Obj --no_cse --no_unroll
#        --no_inline --no_code_motion --no_tbaa --no_clustering --no_scheduling
#        --debug --endian=little --cpu=Cortex-M3 -e --fpu=None --dlib_config
#        "C:\Program Files (x86)\IAR Systems\Embedded Workbench
#        8.0\arm\INC\c\DLib_Config_Normal.h" -I
#        C:\Users\pnu10\Desktop\project\Libraries\CMSIS\DeviceSupport\ -I
#        C:\Users\pnu10\Desktop\project\Libraries\CMSIS\DeviceSupport\Startup\
#        -I
#        C:\Users\pnu10\Desktop\project\Libraries\STM32F10x_StdPeriph_Driver_v3.5\inc\
#        -I
#        C:\Users\pnu10\Desktop\project\Libraries\STM32F10x_StdPeriph_Driver_v3.5\src\
#        -I C:\Users\pnu10\Desktop\project\user\ -I
#        C:\Users\pnu10\Desktop\project\user\inc\ -Ol -I "C:\Program Files
#        (x86)\IAR Systems\Embedded Workbench 8.0\arm\CMSIS\Core\Include\" -I
#        "C:\Program Files (x86)\IAR Systems\Embedded Workbench
#        8.0\arm\CMSIS\DSP\Include\")
#    Locale       =  C
#    List file    =  C:\Users\pnu10\Desktop\project\Debug\List\main.lst
#    Object file  =  C:\Users\pnu10\Desktop\project\Debug\Obj\main.o
#
###############################################################################

C:\Users\pnu10\Desktop\project\user\main.c
      1          #include "stm32f10x.h"
      2          
      3          #define RCC (*(volatile unsigned *)0x40021018)
                         ^
Warning[Pa181]: incompatible redefinition of macro "RCC" (declared at line 1443
          of
          "C:\Users\pnu10\Desktop\project\Libraries\CMSIS\DeviceSupport\stm32f
          10x.h")
      4          
      5          #define Selection (*(volatile unsigned *)0x40010C04) // No reaction, modify plz.
      6          #define User (*(volatile unsigned *)0x40011404) //input
      7          #define JOY (*(volatile unsigned *)0x40011000) //input
      8          #define RELAY (*(volatile unsigned *)0x40011004) 
      9          #define LED (*(volatile unsigned *)0x40011400)
     10          
     11          #define INPUT_S (*(volatile unsigned *)0x40010C08)
     12          #define INPUT_U (*(volatile unsigned *)0x40011408)
     13          #define INPUT_JOY (*(volatile unsigned *)0x40011008)
     14          
     15          #define OUTPUT_RELAY (*(volatile unsigned *)0x40011010)
     16          #define OUTPUT_LED (*(volatile unsigned *)0x40011410)
     17          
     18          

   \                                 In section .text, align 2, keep-with-next
     19          void delay() {
     20            int i;
     21            for (i=0; i<10000000;i++) {}
   \                     delay: (+1)
   \   00000000   0x2000             MOVS     R0,#+0
   \   00000002   0xE000             B.N      ??delay_0
   \                     ??delay_1: (+1)
   \   00000004   0x1C40             ADDS     R0,R0,#+1
   \                     ??delay_0: (+1)
   \   00000006   0x....             LDR.N    R1,??DataTable5  ;; 0x989680
   \   00000008   0x4288             CMP      R0,R1
   \   0000000A   0xDBFB             BLT.N    ??delay_1
     22          }
   \   0000000C   0x4770             BX       LR               ;; return
     23          

   \                                 In section .text, align 2, keep-with-next
     24          void up() {
   \                     up: (+1)
   \   00000000   0xB580             PUSH     {R7,LR}
     25            //delay();
     26            OUTPUT_RELAY = 0xffffffff; 
   \   00000002   0xF05F 0x30FF      MOVS     R0,#-1
   \   00000006   0x....             LDR.N    R1,??DataTable5_1  ;; 0x40011010
   \   00000008   0x6008             STR      R0,[R1, #+0]
     27            delay();
   \   0000000A   0x.... 0x....      BL       delay
     28            OUTPUT_RELAY = ~0x00000200;
   \   0000000E   0xF47F 0x7000      MVNS     R0,#+512
   \   00000012   0x....             LDR.N    R1,??DataTable5_1  ;; 0x40011010
   \   00000014   0x6008             STR      R0,[R1, #+0]
     29          }
   \   00000016   0xBD01             POP      {R0,PC}          ;; return
     30          

   \                                 In section .text, align 2, keep-with-next
     31          void led1() {
   \                     led1: (+1)
   \   00000000   0xB580             PUSH     {R7,LR}
     32            OUTPUT_LED |=0x04; 
   \   00000002   0x....             LDR.N    R0,??DataTable5_2  ;; 0x40011410
   \   00000004   0x6800             LDR      R0,[R0, #+0]
   \   00000006   0xF050 0x0004      ORRS     R0,R0,#0x4
   \   0000000A   0x....             LDR.N    R1,??DataTable5_2  ;; 0x40011410
   \   0000000C   0x6008             STR      R0,[R1, #+0]
     33            delay();
   \   0000000E   0x.... 0x....      BL       delay
     34            OUTPUT_LED =0x1C0000;
   \   00000012   0xF45F 0x10E0      MOVS     R0,#+1835008
   \   00000016   0x....             LDR.N    R1,??DataTable5_2  ;; 0x40011410
   \   00000018   0x6008             STR      R0,[R1, #+0]
     35          }
   \   0000001A   0xBD01             POP      {R0,PC}          ;; return
     36          

   \                                 In section .text, align 2, keep-with-next
     37          void led2() {
   \                     led2: (+1)
   \   00000000   0xB580             PUSH     {R7,LR}
     38            OUTPUT_LED |= 0x08;
   \   00000002   0x....             LDR.N    R0,??DataTable5_2  ;; 0x40011410
   \   00000004   0x6800             LDR      R0,[R0, #+0]
   \   00000006   0xF050 0x0008      ORRS     R0,R0,#0x8
   \   0000000A   0x....             LDR.N    R1,??DataTable5_2  ;; 0x40011410
   \   0000000C   0x6008             STR      R0,[R1, #+0]
     39            delay();
   \   0000000E   0x.... 0x....      BL       delay
     40            OUTPUT_LED = 0x1C0000;
   \   00000012   0xF45F 0x10E0      MOVS     R0,#+1835008
   \   00000016   0x....             LDR.N    R1,??DataTable5_2  ;; 0x40011410
   \   00000018   0x6008             STR      R0,[R1, #+0]
     41          }
   \   0000001A   0xBD01             POP      {R0,PC}          ;; return
     42          

   \                                 In section .text, align 2, keep-with-next
     43          void led3() {
   \                     led3: (+1)
   \   00000000   0xB580             PUSH     {R7,LR}
     44            OUTPUT_LED |=0x10; 
   \   00000002   0x....             LDR.N    R0,??DataTable5_2  ;; 0x40011410
   \   00000004   0x6800             LDR      R0,[R0, #+0]
   \   00000006   0xF050 0x0010      ORRS     R0,R0,#0x10
   \   0000000A   0x....             LDR.N    R1,??DataTable5_2  ;; 0x40011410
   \   0000000C   0x6008             STR      R0,[R1, #+0]
     45            delay();
   \   0000000E   0x.... 0x....      BL       delay
     46            OUTPUT_LED |= 0x1C0000;
   \   00000012   0x....             LDR.N    R0,??DataTable5_2  ;; 0x40011410
   \   00000014   0x6800             LDR      R0,[R0, #+0]
   \   00000016   0xF450 0x10E0      ORRS     R0,R0,#0x1C0000
   \   0000001A   0x....             LDR.N    R1,??DataTable5_2  ;; 0x40011410
   \   0000001C   0x6008             STR      R0,[R1, #+0]
     47          }
   \   0000001E   0xBD01             POP      {R0,PC}          ;; return
     48          

   \                                 In section .text, align 2, keep-with-next
     49          int main(void) {
   \                     main: (+1)
   \   00000000   0xB580             PUSH     {R7,LR}
     50            RCC |= 0x38;
   \   00000002   0x....             LDR.N    R0,??DataTable5_3  ;; 0x40021018
   \   00000004   0x6800             LDR      R0,[R0, #+0]
   \   00000006   0xF050 0x0038      ORRS     R0,R0,#0x38
   \   0000000A   0x....             LDR.N    R1,??DataTable5_3  ;; 0x40021018
   \   0000000C   0x6008             STR      R0,[R1, #+0]
     51            
     52            Selection &= 0x00000000;
   \   0000000E   0x....             LDR.N    R0,??DataTable5_4  ;; 0x40010c04
   \   00000010   0x6800             LDR      R0,[R0, #+0]
   \   00000012   0x2000             MOVS     R0,#+0
   \   00000014   0x....             LDR.N    R1,??DataTable5_4  ;; 0x40010c04
   \   00000016   0x6008             STR      R0,[R1, #+0]
     53            Selection |= 0x00000008;
   \   00000018   0x....             LDR.N    R0,??DataTable5_4  ;; 0x40010c04
   \   0000001A   0x6800             LDR      R0,[R0, #+0]
   \   0000001C   0xF050 0x0008      ORRS     R0,R0,#0x8
   \   00000020   0x....             LDR.N    R1,??DataTable5_4  ;; 0x40010c04
   \   00000022   0x6008             STR      R0,[R1, #+0]
     54            
     55            JOY &= 0x00000000;
   \   00000024   0x....             LDR.N    R0,??DataTable5_5  ;; 0x40011000
   \   00000026   0x6800             LDR      R0,[R0, #+0]
   \   00000028   0x2000             MOVS     R0,#+0
   \   0000002A   0x....             LDR.N    R1,??DataTable5_5  ;; 0x40011000
   \   0000002C   0x6008             STR      R0,[R1, #+0]
     56            JOY |= 0x00800000;
   \   0000002E   0x....             LDR.N    R0,??DataTable5_5  ;; 0x40011000
   \   00000030   0x6800             LDR      R0,[R0, #+0]
   \   00000032   0xF450 0x0000      ORRS     R0,R0,#0x800000
   \   00000036   0x....             LDR.N    R1,??DataTable5_5  ;; 0x40011000
   \   00000038   0x6008             STR      R0,[R1, #+0]
     57            
     58            User &= 0x00000000;
   \   0000003A   0x....             LDR.N    R0,??DataTable5_6  ;; 0x40011404
   \   0000003C   0x6800             LDR      R0,[R0, #+0]
   \   0000003E   0x2000             MOVS     R0,#+0
   \   00000040   0x....             LDR.N    R1,??DataTable5_6  ;; 0x40011404
   \   00000042   0x6008             STR      R0,[R1, #+0]
     59            User |= 0x00088000;
   \   00000044   0x....             LDR.N    R0,??DataTable5_6  ;; 0x40011404
   \   00000046   0x6800             LDR      R0,[R0, #+0]
   \   00000048   0xF450 0x2008      ORRS     R0,R0,#0x88000
   \   0000004C   0x....             LDR.N    R1,??DataTable5_6  ;; 0x40011404
   \   0000004E   0x6008             STR      R0,[R1, #+0]
     60          
     61            RELAY &= 0x00000000;
   \   00000050   0x....             LDR.N    R0,??DataTable5_7  ;; 0x40011004
   \   00000052   0x6800             LDR      R0,[R0, #+0]
   \   00000054   0x2000             MOVS     R0,#+0
   \   00000056   0x....             LDR.N    R1,??DataTable5_7  ;; 0x40011004
   \   00000058   0x6008             STR      R0,[R1, #+0]
     62            RELAY |= 0x00000030;
   \   0000005A   0x....             LDR.N    R0,??DataTable5_7  ;; 0x40011004
   \   0000005C   0x6800             LDR      R0,[R0, #+0]
   \   0000005E   0xF050 0x0030      ORRS     R0,R0,#0x30
   \   00000062   0x....             LDR.N    R1,??DataTable5_7  ;; 0x40011004
   \   00000064   0x6008             STR      R0,[R1, #+0]
     63            
     64            LED &= 0x00000000;
   \   00000066   0x....             LDR.N    R0,??DataTable5_8  ;; 0x40011400
   \   00000068   0x6800             LDR      R0,[R0, #+0]
   \   0000006A   0x2000             MOVS     R0,#+0
   \   0000006C   0x....             LDR.N    R1,??DataTable5_8  ;; 0x40011400
   \   0000006E   0x6008             STR      R0,[R1, #+0]
     65            LED |= 0x00033300;
   \   00000070   0x....             LDR.N    R0,??DataTable5_8  ;; 0x40011400
   \   00000072   0x6800             LDR      R0,[R0, #+0]
   \   00000074   0xF440 0x3040      ORR      R0,R0,#0x30000
   \   00000078   0xF450 0x504C      ORRS     R0,R0,#0x3300
   \   0000007C   0x....             LDR.N    R1,??DataTable5_8  ;; 0x40011400
   \   0000007E   0x6008             STR      R0,[R1, #+0]
     66            
     67            INPUT_JOY &=0x00000000;
   \   00000080   0x....             LDR.N    R0,??DataTable5_9  ;; 0x40011008
   \   00000082   0x6800             LDR      R0,[R0, #+0]
   \   00000084   0x2000             MOVS     R0,#+0
   \   00000086   0x....             LDR.N    R1,??DataTable5_9  ;; 0x40011008
   \   00000088   0x6008             STR      R0,[R1, #+0]
     68            INPUT_JOY |= 0x20;
   \   0000008A   0x....             LDR.N    R0,??DataTable5_9  ;; 0x40011008
   \   0000008C   0x6800             LDR      R0,[R0, #+0]
   \   0000008E   0xF050 0x0020      ORRS     R0,R0,#0x20
   \   00000092   0x....             LDR.N    R1,??DataTable5_9  ;; 0x40011008
   \   00000094   0x6008             STR      R0,[R1, #+0]
     69            
     70            INPUT_S &= 0x00000000;
   \   00000096   0x....             LDR.N    R0,??DataTable5_10  ;; 0x40010c08
   \   00000098   0x6800             LDR      R0,[R0, #+0]
   \   0000009A   0x2000             MOVS     R0,#+0
   \   0000009C   0x....             LDR.N    R1,??DataTable5_10  ;; 0x40010c08
   \   0000009E   0x6008             STR      R0,[R1, #+0]
     71            INPUT_S |= 0x100;
   \   000000A0   0x....             LDR.N    R0,??DataTable5_10  ;; 0x40010c08
   \   000000A2   0x6800             LDR      R0,[R0, #+0]
   \   000000A4   0xF450 0x7080      ORRS     R0,R0,#0x100
   \   000000A8   0x....             LDR.N    R1,??DataTable5_10  ;; 0x40010c08
   \   000000AA   0x6008             STR      R0,[R1, #+0]
     72            
     73            INPUT_U &= 0x00000000;
   \   000000AC   0x....             LDR.N    R0,??DataTable5_11  ;; 0x40011408
   \   000000AE   0x6800             LDR      R0,[R0, #+0]
   \   000000B0   0x2000             MOVS     R0,#+0
   \   000000B2   0x....             LDR.N    R1,??DataTable5_11  ;; 0x40011408
   \   000000B4   0x6008             STR      R0,[R1, #+0]
     74            INPUT_U |= 0x1800;
   \   000000B6   0x....             LDR.N    R0,??DataTable5_11  ;; 0x40011408
   \   000000B8   0x6800             LDR      R0,[R0, #+0]
   \   000000BA   0xF450 0x50C0      ORRS     R0,R0,#0x1800
   \   000000BE   0x....             LDR.N    R1,??DataTable5_11  ;; 0x40011408
   \   000000C0   0x6008             STR      R0,[R1, #+0]
     75            
     76            OUTPUT_RELAY &= 0x0000ffff;
   \   000000C2   0x....             LDR.N    R0,??DataTable5_1  ;; 0x40011010
   \   000000C4   0x6800             LDR      R0,[R0, #+0]
   \   000000C6   0xB280             UXTH     R0,R0            ;; ZeroExt  R0,R0,#+16,#+16
   \   000000C8   0x....             LDR.N    R1,??DataTable5_1  ;; 0x40011010
   \   000000CA   0x6008             STR      R0,[R1, #+0]
     77            OUTPUT_LED &= 0x00000000;
   \   000000CC   0x....             LDR.N    R0,??DataTable5_2  ;; 0x40011410
   \   000000CE   0x6800             LDR      R0,[R0, #+0]
   \   000000D0   0x2000             MOVS     R0,#+0
   \   000000D2   0x....             LDR.N    R1,??DataTable5_2  ;; 0x40011410
   \   000000D4   0x6008             STR      R0,[R1, #+0]
   \   000000D6   0xE001             B.N      ??main_0
     78          
     79            while(1) {
     80             if( !(INPUT_U & 0x0800)) 
     81               led1();
   \                     ??main_1: (+1)
   \   000000D8   0x.... 0x....      BL       led1
   \                     ??main_0: (+1)
   \   000000DC   0x....             LDR.N    R0,??DataTable5_11  ;; 0x40011408
   \   000000DE   0x6800             LDR      R0,[R0, #+0]
   \   000000E0   0x0500             LSLS     R0,R0,#+20
   \   000000E2   0xD5F9             BPL.N    ??main_1
     82             else if(!(INPUT_U & 0x1000)) 
   \   000000E4   0x....             LDR.N    R0,??DataTable5_11  ;; 0x40011408
   \   000000E6   0x6800             LDR      R0,[R0, #+0]
   \   000000E8   0x04C0             LSLS     R0,R0,#+19
   \   000000EA   0xD402             BMI.N    ??main_2
     83               led2();
   \   000000EC   0x.... 0x....      BL       led2
   \   000000F0   0xE7F4             B.N      ??main_0
     84             else if(!(INPUT_JOY & 0x0020)) 
   \                     ??main_2: (+1)
   \   000000F2   0x....             LDR.N    R0,??DataTable5_9  ;; 0x40011008
   \   000000F4   0x6800             LDR      R0,[R0, #+0]
   \   000000F6   0x0680             LSLS     R0,R0,#+26
   \   000000F8   0xD402             BMI.N    ??main_3
     85               up();
   \   000000FA   0x.... 0x....      BL       up
   \   000000FE   0xE7ED             B.N      ??main_0
     86             else if(!(INPUT_S & 0x0100)) 
   \                     ??main_3: (+1)
   \   00000100   0x....             LDR.N    R0,??DataTable5_10  ;; 0x40010c08
   \   00000102   0x6800             LDR      R0,[R0, #+0]
   \   00000104   0x05C0             LSLS     R0,R0,#+23
   \   00000106   0xD4E9             BMI.N    ??main_0
     87               led3();
   \   00000108   0x.... 0x....      BL       led3
   \   0000010C   0xE7E6             B.N      ??main_0
     88             //delay();
     89            }
     90            
     91            return 0;
                   ^
Warning[Pe111]: statement is unreachable
     92          }

   \                                 In section .text, align 4, keep-with-next
   \                     ??DataTable5:
   \   00000000   0x00989680         DC32     0x989680

   \                                 In section .text, align 4, keep-with-next
   \                     ??DataTable5_1:
   \   00000000   0x40011010         DC32     0x40011010

   \                                 In section .text, align 4, keep-with-next
   \                     ??DataTable5_2:
   \   00000000   0x40011410         DC32     0x40011410

   \                                 In section .text, align 4, keep-with-next
   \                     ??DataTable5_3:
   \   00000000   0x40021018         DC32     0x40021018

   \                                 In section .text, align 4, keep-with-next
   \                     ??DataTable5_4:
   \   00000000   0x40010C04         DC32     0x40010c04

   \                                 In section .text, align 4, keep-with-next
   \                     ??DataTable5_5:
   \   00000000   0x40011000         DC32     0x40011000

   \                                 In section .text, align 4, keep-with-next
   \                     ??DataTable5_6:
   \   00000000   0x40011404         DC32     0x40011404

   \                                 In section .text, align 4, keep-with-next
   \                     ??DataTable5_7:
   \   00000000   0x40011004         DC32     0x40011004

   \                                 In section .text, align 4, keep-with-next
   \                     ??DataTable5_8:
   \   00000000   0x40011400         DC32     0x40011400

   \                                 In section .text, align 4, keep-with-next
   \                     ??DataTable5_9:
   \   00000000   0x40011008         DC32     0x40011008

   \                                 In section .text, align 4, keep-with-next
   \                     ??DataTable5_10:
   \   00000000   0x40010C08         DC32     0x40010c08

   \                                 In section .text, align 4, keep-with-next
   \                     ??DataTable5_11:
   \   00000000   0x40011408         DC32     0x40011408
     93              
     94            

   Maximum stack usage in bytes:

   .cstack Function
   ------- --------
       0   delay
       8   led1
         8   -> delay
       8   led2
         8   -> delay
       8   led3
         8   -> delay
       8   main
         8   -> led1
         8   -> led2
         8   -> led3
         8   -> up
       8   up
         8   -> delay


   Section sizes:

   Bytes  Function/Label
   -----  --------------
       4  ??DataTable5
       4  ??DataTable5_1
       4  ??DataTable5_10
       4  ??DataTable5_11
       4  ??DataTable5_2
       4  ??DataTable5_3
       4  ??DataTable5_4
       4  ??DataTable5_5
       4  ??DataTable5_6
       4  ??DataTable5_7
       4  ??DataTable5_8
       4  ??DataTable5_9
      14  delay
      28  led1
      28  led2
      32  led3
     270  main
      24  up

 
 444 bytes in section .text
 
 444 bytes of CODE memory

Errors: none
Warnings: 2
