###############################################################################
#
# IAR ANSI C/C++ Compiler V8.22.1.15669/W32 for ARM       15/Sep/2022  20:29:22
# Copyright 1999-2018 IAR Systems AB.
#
#    Cpu mode     =  thumb
#    Endian       =  little
#    Source file  =  C:\Users\pnu10\Desktop\project\user\main.c
#    Command line =  
#        -f C:\Users\pnu10\AppData\Local\Temp\EW7334.tmp
#        (C:\Users\pnu10\Desktop\project\user\main.c -D USE_STDPERIPH_DRIVER -D
#        STM32F10X_CL -lC C:\Users\pnu10\Desktop\project\Debug\List -o
#        C:\Users\pnu10\Desktop\project\Debug\Obj --no_cse --no_unroll
#        --no_inline --no_code_motion --no_tbaa --no_clustering --no_scheduling
#        --debug --endian=little --cpu=Cortex-M3 -e --fpu=None --dlib_config
#        "C:\Program Files (x86)\IAR Systems\Embedded Workbench
#        8.0\arm\INC\c\DLib_Config_Normal.h" -I
#        C:\Users\pnu10\Desktop\project\Libraries\CMSIS\DeviceSupport\ -I
#        C:\Users\pnu10\Desktop\project\Libraries\CMSIS\DeviceSupport\Startup\
#        -I
#        C:\Users\pnu10\Desktop\project\Libraries\STM32F10x_StdPeriph_Driver_v3.5\inc\
#        -I
#        C:\Users\pnu10\Desktop\project\Libraries\STM32F10x_StdPeriph_Driver_v3.5\src\
#        -I C:\Users\pnu10\Desktop\project\user\ -I
#        C:\Users\pnu10\Desktop\project\user\inc\ -Ol -I "C:\Program Files
#        (x86)\IAR Systems\Embedded Workbench 8.0\arm\CMSIS\Core\Include\" -I
#        "C:\Program Files (x86)\IAR Systems\Embedded Workbench
#        8.0\arm\CMSIS\DSP\Include\")
#    Locale       =  C
#    List file    =  C:\Users\pnu10\Desktop\project\Debug\List\main.lst
#    Object file  =  C:\Users\pnu10\Desktop\project\Debug\Obj\main.o
#
###############################################################################

C:\Users\pnu10\Desktop\project\user\main.c
      1          #include "stm32f10x.h"
      2          #define RCC (*(volatile unsigned int *)0x40021018)
                         ^
Warning[Pa181]: incompatible redefinition of macro "RCC" (declared at line 1443
          of
          "C:\Users\pnu10\Desktop\project\Libraries\CMSIS\DeviceSupport\stm32f
          10x.h")
      3          #define JOY (*(volatile unsigned int *)0x40011000)
      4          #define LED (*(volatile unsigned int *)0x40011400)
      5          #define INPUT_JOY (*(volatile unsigned int *)0x40011008)
      6          #define OUTPUT_LED (*(volatile unsigned int *)0x40011410)
      7          

   \                                 In section .text, align 4, keep-with-next
      8          int main(void) {
      9            RCC |=0x30;
   \                     main: (+1)
   \   00000000   0x482F             LDR.N    R0,??main_0      ;; 0x40021018
   \   00000002   0x6800             LDR      R0,[R0, #+0]
   \   00000004   0xF050 0x0030      ORRS     R0,R0,#0x30
   \   00000008   0x492D             LDR.N    R1,??main_0      ;; 0x40021018
   \   0000000A   0x6008             STR      R0,[R1, #+0]
     10            
     11            JOY &=0x00000000;
   \   0000000C   0x482D             LDR.N    R0,??main_0+0x4  ;; 0x40011000
   \   0000000E   0x6800             LDR      R0,[R0, #+0]
   \   00000010   0x2000             MOVS     R0,#+0
   \   00000012   0x492C             LDR.N    R1,??main_0+0x4  ;; 0x40011000
   \   00000014   0x6008             STR      R0,[R1, #+0]
     12            LED &=0x00000000;
   \   00000016   0x482C             LDR.N    R0,??main_0+0x8  ;; 0x40011400
   \   00000018   0x6800             LDR      R0,[R0, #+0]
   \   0000001A   0x2000             MOVS     R0,#+0
   \   0000001C   0x492A             LDR.N    R1,??main_0+0x8  ;; 0x40011400
   \   0000001E   0x6008             STR      R0,[R1, #+0]
     13            
     14            JOY |=0x00888800;
   \   00000020   0x4828             LDR.N    R0,??main_0+0x4  ;; 0x40011000
   \   00000022   0x6800             LDR      R0,[R0, #+0]
   \   00000024   0xF440 0x0008      ORR      R0,R0,#0x880000
   \   00000028   0xF450 0x4008      ORRS     R0,R0,#0x8800
   \   0000002C   0x4925             LDR.N    R1,??main_0+0x4  ;; 0x40011000
   \   0000002E   0x6008             STR      R0,[R1, #+0]
     15            LED |=0x30033300;
   \   00000030   0x4825             LDR.N    R0,??main_0+0x8  ;; 0x40011400
   \   00000032   0x6801             LDR      R1,[R0, #+0]
   \   00000034   0x4825             LDR.N    R0,??main_0+0xC  ;; 0x30033300
   \   00000036   0x4301             ORRS     R1,R0,R1
   \   00000038   0x4823             LDR.N    R0,??main_0+0x8  ;; 0x40011400
   \   0000003A   0x6001             STR      R1,[R0, #+0]
     16            
     17            INPUT_JOY &=0x00000000;
   \   0000003C   0x4824             LDR.N    R0,??main_0+0x10  ;; 0x40011008
   \   0000003E   0x6800             LDR      R0,[R0, #+0]
   \   00000040   0x2000             MOVS     R0,#+0
   \   00000042   0x4923             LDR.N    R1,??main_0+0x10  ;; 0x40011008
   \   00000044   0x6008             STR      R0,[R1, #+0]
     18            INPUT_JOY |=0x3C; //0x0000 0000 0011 1100
   \   00000046   0x4822             LDR.N    R0,??main_0+0x10  ;; 0x40011008
   \   00000048   0x6800             LDR      R0,[R0, #+0]
   \   0000004A   0xF050 0x003C      ORRS     R0,R0,#0x3C
   \   0000004E   0x4920             LDR.N    R1,??main_0+0x10  ;; 0x40011008
   \   00000050   0x6008             STR      R0,[R1, #+0]
     19            
     20            OUTPUT_LED &=0x00000000;
   \   00000052   0x4820             LDR.N    R0,??main_0+0x14  ;; 0x40011410
   \   00000054   0x6800             LDR      R0,[R0, #+0]
   \   00000056   0x2000             MOVS     R0,#+0
   \   00000058   0x491E             LDR.N    R1,??main_0+0x14  ;; 0x40011410
   \   0000005A   0x6008             STR      R0,[R1, #+0]
   \   0000005C   0xE01A             B.N      ??main_1
     21            
     22            while(1) {
     23              if(!(INPUT_JOY&0x20)) {
     24                OUTPUT_LED |=0x80;
     25              }
     26              else if(!(INPUT_JOY&0x04)) {
     27                OUTPUT_LED |= 0x08;
     28              }
     29              else if(!(INPUT_JOY&0x08)) {
     30                OUTPUT_LED |= 0x10;
     31              }
     32              else if(!(INPUT_JOY&0x10)) {
   \                     ??main_2: (+1)
   \   0000005E   0x481C             LDR.N    R0,??main_0+0x10  ;; 0x40011008
   \   00000060   0x6800             LDR      R0,[R0, #+0]
   \   00000062   0x06C0             LSLS     R0,R0,#+27
   \   00000064   0xD410             BMI.N    ??main_3
     33                OUTPUT_LED |= 0x04;
   \   00000066   0x481B             LDR.N    R0,??main_0+0x14  ;; 0x40011410
   \   00000068   0x6800             LDR      R0,[R0, #+0]
   \   0000006A   0xF050 0x0004      ORRS     R0,R0,#0x4
   \   0000006E   0x4919             LDR.N    R1,??main_0+0x14  ;; 0x40011410
   \   00000070   0x6008             STR      R0,[R1, #+0]
   \   00000072   0xE009             B.N      ??main_3
     34              }
   \                     ??main_4: (+1)
   \   00000074   0x4816             LDR.N    R0,??main_0+0x10  ;; 0x40011008
   \   00000076   0x6800             LDR      R0,[R0, #+0]
   \   00000078   0x0700             LSLS     R0,R0,#+28
   \   0000007A   0xD4F0             BMI.N    ??main_2
   \   0000007C   0x4815             LDR.N    R0,??main_0+0x14  ;; 0x40011410
   \   0000007E   0x6800             LDR      R0,[R0, #+0]
   \   00000080   0xF050 0x0010      ORRS     R0,R0,#0x10
   \   00000084   0x4913             LDR.N    R1,??main_0+0x14  ;; 0x40011410
   \   00000086   0x6008             STR      R0,[R1, #+0]
     35              OUTPUT_LED |= 0x9C0000; 
   \                     ??main_3: (+1)
   \   00000088   0x4812             LDR.N    R0,??main_0+0x14  ;; 0x40011410
   \   0000008A   0x6800             LDR      R0,[R0, #+0]
   \   0000008C   0xF450 0x001C      ORRS     R0,R0,#0x9C0000
   \   00000090   0x4910             LDR.N    R1,??main_0+0x14  ;; 0x40011410
   \   00000092   0x6008             STR      R0,[R1, #+0]
   \                     ??main_1: (+1)
   \   00000094   0x480E             LDR.N    R0,??main_0+0x10  ;; 0x40011008
   \   00000096   0x6800             LDR      R0,[R0, #+0]
   \   00000098   0x0680             LSLS     R0,R0,#+26
   \   0000009A   0xD406             BMI.N    ??main_5
   \   0000009C   0x480D             LDR.N    R0,??main_0+0x14  ;; 0x40011410
   \   0000009E   0x6800             LDR      R0,[R0, #+0]
   \   000000A0   0xF050 0x0080      ORRS     R0,R0,#0x80
   \   000000A4   0x490B             LDR.N    R1,??main_0+0x14  ;; 0x40011410
   \   000000A6   0x6008             STR      R0,[R1, #+0]
   \   000000A8   0xE7EE             B.N      ??main_3
   \                     ??main_5: (+1)
   \   000000AA   0x4809             LDR.N    R0,??main_0+0x10  ;; 0x40011008
   \   000000AC   0x6800             LDR      R0,[R0, #+0]
   \   000000AE   0x0740             LSLS     R0,R0,#+29
   \   000000B0   0xD4E0             BMI.N    ??main_4
   \   000000B2   0x4808             LDR.N    R0,??main_0+0x14  ;; 0x40011410
   \   000000B4   0x6800             LDR      R0,[R0, #+0]
   \   000000B6   0xF050 0x0008      ORRS     R0,R0,#0x8
   \   000000BA   0x4906             LDR.N    R1,??main_0+0x14  ;; 0x40011410
   \   000000BC   0x6008             STR      R0,[R1, #+0]
   \   000000BE   0xE7E3             B.N      ??main_3
   \                     ??main_0:
   \   000000C0   0x40021018         DC32     0x40021018
   \   000000C4   0x40011000         DC32     0x40011000
   \   000000C8   0x40011400         DC32     0x40011400
   \   000000CC   0x30033300         DC32     0x30033300
   \   000000D0   0x40011008         DC32     0x40011008
   \   000000D4   0x40011410         DC32     0x40011410
     36            }
     37            
     38            return 0;
                   ^
Warning[Pe111]: statement is unreachable
     39            
     40          }

   Maximum stack usage in bytes:

   .cstack Function
   ------- --------
       0   main


   Section sizes:

   Bytes  Function/Label
   -----  --------------
     216  main

 
 216 bytes in section .text
 
 216 bytes of CODE memory

Errors: none
Warnings: 2
